C:\USERS\SUMIT\DOCUMENTS\VISUAL STUDIO 2012\PROJECTS\PROJECT2\PROJECT2\DEBUG\SOURCE.OBJ
C:\USERS\SUMIT\DOCUMENTS\VISUAL STUDIO 2012\PROJECTS\PROJECT2\PROJECT2\DEBUG\VC110.PDB
C:\USERS\SUMIT\DOCUMENTS\VISUAL STUDIO 2012\PROJECTS\PROJECT2\DEBUG\PROJECT2.ILK
C:\USERS\SUMIT\DOCUMENTS\VISUAL STUDIO 2012\PROJECTS\PROJECT2\DEBUG\PROJECT2.EXE
C:\USERS\SUMIT\DOCUMENTS\VISUAL STUDIO 2012\PROJECTS\PROJECT2\DEBUG\PROJECT2.PDB
C:\Users\Sumit\documents\visual studio 2012\Projects\Project2\Project2\Debug\Source.obj
C:\Users\Sumit\documents\visual studio 2012\Projects\Project2\Project2\Debug\cl.command.1.tlog
C:\Users\Sumit\documents\visual studio 2012\Projects\Project2\Project2\Debug\CL.read.1.tlog
C:\Users\Sumit\documents\visual studio 2012\Projects\Project2\Project2\Debug\CL.write.1.tlog
C:\Users\Sumit\documents\visual studio 2012\Projects\Project2\Project2\Debug\link-cvtres.read.1.tlog
C:\Users\Sumit\documents\visual studio 2012\Projects\Project2\Project2\Debug\link-cvtres.write.1.tlog
C:\Users\Sumit\documents\visual studio 2012\Projects\Project2\Project2\Debug\link-rc.read.1.tlog
C:\Users\Sumit\documents\visual studio 2012\Projects\Project2\Project2\Debug\link-rc.write.1.tlog
C:\Users\Sumit\documents\visual studio 2012\Projects\Project2\Project2\Debug\link.command.1.tlog
C:\Users\Sumit\documents\visual studio 2012\Projects\Project2\Project2\Debug\link.read.1.tlog
C:\Users\Sumit\documents\visual studio 2012\Projects\Project2\Project2\Debug\link.write.1.tlog
C:\Users\Sumit\documents\visual studio 2012\Projects\Project2\Project2\Debug\vc110.idb
C:\Users\Sumit\documents\visual studio 2012\Projects\Project2\Project2\Debug\vc110.pdb
C:\Users\Sumit\documents\visual studio 2012\Projects\Project2\Debug\Project2.pdb
C:\Users\Sumit\documents\visual studio 2012\Projects\Project2\Debug\Project2.exe
C:\Users\Sumit\documents\visual studio 2012\Projects\Project2\Debug\Project2.ilk
